<?xml version="1.0" encoding="UTF-8"?>
<!-- Generated by org.testng.reporters.JUnitXMLReporter -->
<testsuite ignored="0" hostname="DESKTOP-0FC8C65" failures="0" tests="3" name="Command line test" time="13.826" errors="0" timestamp="2022-09-18T19:51:00 CDT">
  <testcase classname="testCases.loginPageTest" name="testUsernameField" time="0.377"/>
  <testcase classname="testCases.loginPageTest" name="testPasswordField" time="0.245"/>
  <testcase classname="testCases.loginPageTest" name="testSignbutton" time="1.502"/>
</testsuite> <!-- Command line test -->
